2024/01/29 20:02:27 main.go: bpmnFactory.Build
2024/01/29 20:02:27 BpmnFactory.go: set model
2024/01/29 20:02:27 factory/Builder.go (inject): > NewReflect of interface{} >>p<<. Start injecting fields
2024/01/29 20:02:27 factory.reflect: builder type fields [{Name:Def PkgPath: Type:core.DefinitionsRepository Tag: Offset:0 Index:[0] Anonymous:false} {Name:Pool PkgPath: Type:collaborative_process.Pool Tag: Offset:16 Index:[1] Anonymous:true} {Name:CustomerSupportIsExecutable PkgPath: Type:bool Tag: Offset:0 Index:[1 0] Anonymous:false} {Name:CustomerIsExecutable PkgPath: Type:bool Tag: Offset:1 Index:[1 1] Anonymous:false} {Name:Collaboration PkgPath: Type:factory.Builder Tag: Offset:8 Index:[1 2] Anonymous:false} {Name:CustomerSupportID PkgPath: Type:factory.Builder Tag: Offset:224 Index:[1 3] Anonymous:false} {Name:CustomerSupportProcess PkgPath: Type:factory.Builder Tag: Offset:440 Index:[1 4] Anonymous:false} {Name:CustomerID PkgPath: Type:factory.Builder Tag: Offset:656 Index:[1 5] Anonymous:false} {Name:CustomerProcess PkgPath: Type:factory.Builder Tag: Offset:872 Index:[1 6] Anonymous:false} {Name:Message PkgPath: Type:collaborative_process.Message Tag: Offset:1104 Index:[2] Anonymous:true} {Name:CustomerToCustomerSupportMessage PkgPath: Type:factory.Builder Tag: Offset:0 Index:[2 0] Anonymous:false} {Name:CustomerSupportToCustomerMessage PkgPath: Type:factory.Builder Tag: Offset:216 Index:[2 1] Anonymous:false} {Name:CustomerSupport PkgPath: Type:collaborative_process.CustomerSupport Tag: Offset:1536 Index:[3] Anonymous:true} {Name:CustomerSupportStartEvent PkgPath: Type:factory.Builder Tag: Offset:0 Index:[3 0] Anonymous:false} {Name:FromCustomerSupportStartEvent PkgPath: Type:factory.Builder Tag: Offset:216 Index:[3 1] Anonymous:false} {Name:CheckIncomingClaimTask PkgPath: Type:factory.Builder Tag: Offset:432 Index:[3 2] Anonymous:false} {Name:FromCheckIncomingClaimTask PkgPath: Type:factory.Builder Tag: Offset:648 Index:[3 3] Anonymous:false} {Name:DenyWarrantyClaimTask PkgPath: Type:factory.Builder Tag: Offset:864 Index:[3 4] Anonymous:false} {Name:FromDenyWarrantyClaimTask PkgPath: Type:factory.Builder Tag: Offset:1080 Index:[3 5] Anonymous:false} {Name:CustomerSupportEndEvent PkgPath: Type:factory.Builder Tag: Offset:1296 Index:[3 6] Anonymous:false} {Name:Customer PkgPath: Type:collaborative_process.Customer Tag: Offset:3048 Index:[4] Anonymous:true} {Name:CustomerStartEvent PkgPath: Type:factory.Builder Tag: Offset:0 Index:[4 0] Anonymous:false} {Name:FromCustomerStartEvent PkgPath: Type:factory.Builder Tag: Offset:216 Index:[4 1] Anonymous:false} {Name:NoticeOfDefectTask PkgPath: Type:factory.Builder Tag: Offset:432 Index:[4 2] Anonymous:false} {Name:FromNoticeOfDefectTask PkgPath: Type:factory.Builder Tag: Offset:648 Index:[4 3] Anonymous:false} {Name:WaitingForAnswerTask PkgPath: Type:factory.Builder Tag: Offset:864 Index:[4 4] Anonymous:false} {Name:TimerEventDefinitionWaitingForAnswer PkgPath: Type:factory.Builder Tag: Offset:1080 Index:[4 5] Anonymous:false} {Name:FromWaitingForAnswerTask PkgPath: Type:factory.Builder Tag: Offset:1296 Index:[4 6] Anonymous:false} {Name:ReceiptWarrantyRefusalTask PkgPath: Type:factory.Builder Tag: Offset:1512 Index:[4 7] Anonymous:false} {Name:FromReceiptWarrantyRefusalTask PkgPath: Type:factory.Builder Tag: Offset:1728 Index:[4 8] Anonymous:false} {Name:CustomerEndEvent PkgPath: Type:factory.Builder Tag: Offset:1944 Index:[4 9] Anonymous:false}]
2024/01/29 20:02:27 factory.reflect: builder type count 24
2024/01/29 20:02:27 factory.reflect: bool type fields [{Name:Def PkgPath: Type:core.DefinitionsRepository Tag: Offset:0 Index:[0] Anonymous:false} {Name:Pool PkgPath: Type:collaborative_process.Pool Tag: Offset:16 Index:[1] Anonymous:true} {Name:CustomerSupportIsExecutable PkgPath: Type:bool Tag: Offset:0 Index:[1 0] Anonymous:false} {Name:CustomerIsExecutable PkgPath: Type:bool Tag: Offset:1 Index:[1 1] Anonymous:false} {Name:Collaboration PkgPath: Type:factory.Builder Tag: Offset:8 Index:[1 2] Anonymous:false} {Name:CustomerSupportID PkgPath: Type:factory.Builder Tag: Offset:224 Index:[1 3] Anonymous:false} {Name:CustomerSupportProcess PkgPath: Type:factory.Builder Tag: Offset:440 Index:[1 4] Anonymous:false} {Name:CustomerID PkgPath: Type:factory.Builder Tag: Offset:656 Index:[1 5] Anonymous:false} {Name:CustomerProcess PkgPath: Type:factory.Builder Tag: Offset:872 Index:[1 6] Anonymous:false} {Name:Message PkgPath: Type:collaborative_process.Message Tag: Offset:1104 Index:[2] Anonymous:true} {Name:CustomerToCustomerSupportMessage PkgPath: Type:factory.Builder Tag: Offset:0 Index:[2 0] Anonymous:false} {Name:CustomerSupportToCustomerMessage PkgPath: Type:factory.Builder Tag: Offset:216 Index:[2 1] Anonymous:false} {Name:CustomerSupport PkgPath: Type:collaborative_process.CustomerSupport Tag: Offset:1536 Index:[3] Anonymous:true} {Name:CustomerSupportStartEvent PkgPath: Type:factory.Builder Tag: Offset:0 Index:[3 0] Anonymous:false} {Name:FromCustomerSupportStartEvent PkgPath: Type:factory.Builder Tag: Offset:216 Index:[3 1] Anonymous:false} {Name:CheckIncomingClaimTask PkgPath: Type:factory.Builder Tag: Offset:432 Index:[3 2] Anonymous:false} {Name:FromCheckIncomingClaimTask PkgPath: Type:factory.Builder Tag: Offset:648 Index:[3 3] Anonymous:false} {Name:DenyWarrantyClaimTask PkgPath: Type:factory.Builder Tag: Offset:864 Index:[3 4] Anonymous:false} {Name:FromDenyWarrantyClaimTask PkgPath: Type:factory.Builder Tag: Offset:1080 Index:[3 5] Anonymous:false} {Name:CustomerSupportEndEvent PkgPath: Type:factory.Builder Tag: Offset:1296 Index:[3 6] Anonymous:false} {Name:Customer PkgPath: Type:collaborative_process.Customer Tag: Offset:3048 Index:[4] Anonymous:true} {Name:CustomerStartEvent PkgPath: Type:factory.Builder Tag: Offset:0 Index:[4 0] Anonymous:false} {Name:FromCustomerStartEvent PkgPath: Type:factory.Builder Tag: Offset:216 Index:[4 1] Anonymous:false} {Name:NoticeOfDefectTask PkgPath: Type:factory.Builder Tag: Offset:432 Index:[4 2] Anonymous:false} {Name:FromNoticeOfDefectTask PkgPath: Type:factory.Builder Tag: Offset:648 Index:[4 3] Anonymous:false} {Name:WaitingForAnswerTask PkgPath: Type:factory.Builder Tag: Offset:864 Index:[4 4] Anonymous:false} {Name:TimerEventDefinitionWaitingForAnswer PkgPath: Type:factory.Builder Tag: Offset:1080 Index:[4 5] Anonymous:false} {Name:FromWaitingForAnswerTask PkgPath: Type:factory.Builder Tag: Offset:1296 Index:[4 6] Anonymous:false} {Name:ReceiptWarrantyRefusalTask PkgPath: Type:factory.Builder Tag: Offset:1512 Index:[4 7] Anonymous:false} {Name:FromReceiptWarrantyRefusalTask PkgPath: Type:factory.Builder Tag: Offset:1728 Index:[4 8] Anonymous:false} {Name:CustomerEndEvent PkgPath: Type:factory.Builder Tag: Offset:1944 Index:[4 9] Anonymous:false}]
2024/01/29 20:02:27 ref.Analyze.Anonym map[0:Pool 1:Message 2:CustomerSupport 3:Customer]
2024/01/29 20:02:27 ref.Analyze.Builder map[0:Collaboration 1:CustomerSupportID 2:CustomerSupportProcess 3:CustomerID 4:CustomerProcess 5:CustomerToCustomerSupportMessage 6:CustomerSupportToCustomerMessage 7:CustomerSupportStartEvent 8:FromCustomerSupportStartEvent 9:CheckIncomingClaimTask 10:FromCheckIncomingClaimTask 11:DenyWarrantyClaimTask 12:FromDenyWarrantyClaimTask 13:CustomerSupportEndEvent 14:CustomerStartEvent 15:FromCustomerStartEvent 16:NoticeOfDefectTask 17:FromNoticeOfDefectTask 18:WaitingForAnswerTask 19:TimerEventDefinitionWaitingForAnswer 20:FromWaitingForAnswerTask 21:ReceiptWarrantyRefusalTask 22:FromReceiptWarrantyRefusalTask 23:CustomerEndEvent]
2024/01/29 20:02:27 ref.Analyze.Config map[0:CustomerSupportIsExecutable 1:CustomerIsExecutable]
2024/01/29 20:02:27 ref.Analyze.Words map[0:[Pool] 1:[Message] 2:[Customer Support] 3:[Customer] 4:[Collaboration] 5:[Customer Support ID] 6:[Customer Support Process] 7:[Customer ID] 8:[Customer Process] 9:[Customer To Customer Support Message] 10:[Customer Support To Customer Message] 11:[Customer Support Start Event] 12:[From Customer Support Start Event] 13:[Check Incoming Claim Task] 14:[From Check Incoming Claim Task] 15:[Deny Warranty Claim Task] 16:[From Deny Warranty Claim Task] 17:[Customer Support End Event] 18:[Customer Start Event] 19:[From Customer Start Event] 20:[Notice Of Defect Task] 21:[From Notice Of Defect Task] 22:[Waiting For Answer Task] 23:[Timer Event Definition Waiting For Answer] 24:[From Waiting For Answer Task] 25:[Receipt Warranty Refusal Task] 26:[From Receipt Warranty Refusal Task] 27:[Customer End Event] 28:[Customer Support Is Executable] 29:[Customer Is Executable]]
2024/01/29 20:02:27 factory/Builder.go (inject): > length of anonymous fields is 4
2024/01/29 20:02:27 factory/Builder.go (inject): BEGIN OF FOR Anonymous Fields
2024/01/29 20:02:27 factory/Builder.go (inject): >> start range through anonymous fields 3 of 4
2024/01/29 20:02:27 factory/Builder.go (inject): >> create fieldMap map[int][]interface {}{} with length 7
2024/01/29 20:02:27 factory/Builder.go (inject): >> create hashSlice []interface {}{interface {}(nil), interface {}(nil), interface {}(nil), interface {}(nil), interface {}(nil), interface {}(nil), interface {}(nil)} with length 7
2024/01/29 20:02:27 factory/Builder.go (inject): >> append to anonymMap[2] the name CustomerSupport
2024/01/29 20:02:27 factory/Builder.go (inject): BEGIN OF FOR Index at 2
2024/01/29 20:02:27 factory/Builder.go (inject): --> append to fieldMap[0] the name CustomerSupportStartEvent
2024/01/29 20:02:27 factory/Builder.go (inject): --> detected field CustomerSupportStartEvent contains anonymous field CustomerSupport
2024/01/29 20:02:27 factory/Builder.go (inject): inject first at process index [2] => [Customer Support] on current fieldname CustomerSupportStartEvent (aaf94aa3) with hash value 
2024/01/29 20:02:27 factory/Builder.go (inject): current fieldname CustomerSupportStartEvent has no previous field
2024/01/29 20:02:27 factory/Builder.go (inject): inject next fieldname at CustomerSupport: FromCustomerSupportStartEvent (4395dfd0)
2024/01/29 20:02:27 factory/Builder.go (inject): >> field injection 1 of 7 done
2024/01/29 20:02:27 factory/Builder.go (inject): --> append to fieldMap[1] the name FromCustomerSupportStartEvent
2024/01/29 20:02:27 factory/Builder.go (inject): --> detected field FromCustomerSupportStartEvent contains anonymous field CustomerSupport
2024/01/29 20:02:27 factory/Builder.go (inject): current fieldname FromCustomerSupportStartEvent (4395dfd0) has got hash value before
2024/01/29 20:02:27 factory/Builder.go (inject): previous fieldname was CustomerSupportStartEvent (aaf94aa3)
2024/01/29 20:02:27 factory/Builder.go (inject): inject next fieldname at CustomerSupport: CheckIncomingClaimTask (ab7d62af)
2024/01/29 20:02:27 factory/Builder.go (inject): >> field injection 2 of 7 done
2024/01/29 20:02:27 factory/Builder.go (inject): --> append to fieldMap[2] the name CheckIncomingClaimTask
2024/01/29 20:02:27 factory/Builder.go (inject): current fieldname CheckIncomingClaimTask (ab7d62af) has got hash value before
2024/01/29 20:02:27 factory/Builder.go (inject): previous fieldname was FromCustomerSupportStartEvent (4395dfd0)
2024/01/29 20:02:27 factory/Builder.go (inject): inject next fieldname at CustomerSupport: FromCheckIncomingClaimTask (efffebaf)
2024/01/29 20:02:27 factory/Builder.go (inject): >> field injection 3 of 7 done
2024/01/29 20:02:27 factory/Builder.go (inject): --> append to fieldMap[3] the name FromCheckIncomingClaimTask
2024/01/29 20:02:27 factory/Builder.go (inject): current fieldname FromCheckIncomingClaimTask (efffebaf) has got hash value before
2024/01/29 20:02:27 factory/Builder.go (inject): previous fieldname was CheckIncomingClaimTask (ab7d62af)
2024/01/29 20:02:27 factory/Builder.go (inject): inject next fieldname at CustomerSupport: DenyWarrantyClaimTask (0687bec4)
2024/01/29 20:02:27 factory/Builder.go (inject): >> field injection 4 of 7 done
2024/01/29 20:02:27 factory/Builder.go (inject): --> append to fieldMap[4] the name DenyWarrantyClaimTask
2024/01/29 20:02:27 factory/Builder.go (inject): current fieldname DenyWarrantyClaimTask (0687bec4) has got hash value before
2024/01/29 20:02:27 factory/Builder.go (inject): previous fieldname was FromCheckIncomingClaimTask (efffebaf)
2024/01/29 20:02:27 factory/Builder.go (inject): inject next fieldname at CustomerSupport: FromDenyWarrantyClaimTask (418598be)
2024/01/29 20:02:27 factory/Builder.go (inject): >> field injection 5 of 7 done
2024/01/29 20:02:27 factory/Builder.go (inject): --> append to fieldMap[5] the name FromDenyWarrantyClaimTask
2024/01/29 20:02:27 factory/Builder.go (inject): current fieldname FromDenyWarrantyClaimTask (418598be) has got hash value before
2024/01/29 20:02:27 factory/Builder.go (inject): previous fieldname was DenyWarrantyClaimTask (0687bec4)
2024/01/29 20:02:27 factory/Builder.go (inject): inject next fieldname at CustomerSupport: CustomerSupportEndEvent (6d39a35c)
2024/01/29 20:02:27 factory/Builder.go (inject): >> field injection 6 of 7 done
2024/01/29 20:02:27 factory/Builder.go (inject): --> append to fieldMap[6] the name CustomerSupportEndEvent
2024/01/29 20:02:27 factory/Builder.go (inject): --> detected field CustomerSupportEndEvent contains anonymous field CustomerSupport
2024/01/29 20:02:27 factory/Builder.go (inject): current fieldname CustomerSupportEndEvent (6d39a35c) has got hash value before
2024/01/29 20:02:27 factory/Builder.go (inject): previous fieldname was FromDenyWarrantyClaimTask (418598be)
2024/01/29 20:02:27 factory/Builder.go (inject): current fieldname CustomerSupportEndEvent has no fieldname to the next
2024/01/29 20:02:27 factory/Builder.go (inject): >> field injection 7 of 7 done
2024/01/29 20:02:27 factory/Builder.go (inject): END OF FOR Index at 2
2024/01/29 20:02:27 factory/Builder.go (inject): >> show current hashSlice []interface {}{"aaf94aa3", "4395dfd0", "ab7d62af", "efffebaf", "0687bec4", "418598be", "6d39a35c"}
2024/01/29 20:02:27 factory/Builder.go (inject): >> show current hashMap map[string][]interface {}{"CustomerSupport":[]interface {}{"aaf94aa3", "4395dfd0", "ab7d62af", "efffebaf", "0687bec4", "418598be", "6d39a35c"}}
2024/01/29 20:02:27 factory/Builder.go (inject): >> show current processMap map[string]map[int][]interface {}{"CustomerSupport":map[int][]interface {}{0:[]interface {}{"CustomerSupportStartEvent"}, 1:[]interface {}{"FromCustomerSupportStartEvent"}, 2:[]interface {}{"CheckIncomingClaimTask"}, 3:[]interface {}{"FromCheckIncomingClaimTask"}, 4:[]interface {}{"DenyWarrantyClaimTask"}, 5:[]interface {}{"FromDenyWarrantyClaimTask"}, 6:[]interface {}{"CustomerSupportEndEvent"}}}
2024/01/29 20:02:27 factory/Builder.go (inject): >> start range through anonymous fields 4 of 4
2024/01/29 20:02:27 factory/Builder.go (inject): >> create fieldMap map[int][]interface {}{} with length 10
2024/01/29 20:02:27 factory/Builder.go (inject): >> create hashSlice []interface {}{interface {}(nil), interface {}(nil), interface {}(nil), interface {}(nil), interface {}(nil), interface {}(nil), interface {}(nil), interface {}(nil), interface {}(nil), interface {}(nil)} with length 10
2024/01/29 20:02:27 factory/Builder.go (inject): >> append to anonymMap[3] the name Customer
2024/01/29 20:02:27 factory/Builder.go (inject): BEGIN OF FOR Index at 3
2024/01/29 20:02:27 factory/Builder.go (inject): --> append to fieldMap[0] the name CustomerStartEvent
2024/01/29 20:02:27 factory/Builder.go (inject): --> detected field CustomerStartEvent contains anonymous field Customer
2024/01/29 20:02:27 factory/Builder.go (inject): inject first at process index [3] => [Customer] on current fieldname CustomerStartEvent (b7568d79) with hash value 
2024/01/29 20:02:27 factory/Builder.go (inject): current fieldname CustomerStartEvent has no previous field
2024/01/29 20:02:27 factory/Builder.go (inject): inject next fieldname at Customer: FromCustomerStartEvent (6c050a8d)
2024/01/29 20:02:27 factory/Builder.go (inject): >> field injection 1 of 10 done
2024/01/29 20:02:27 factory/Builder.go (inject): --> append to fieldMap[1] the name FromCustomerStartEvent
2024/01/29 20:02:27 factory/Builder.go (inject): --> detected field FromCustomerStartEvent contains anonymous field Customer
2024/01/29 20:02:27 factory/Builder.go (inject): current fieldname FromCustomerStartEvent (6c050a8d) has got hash value before
2024/01/29 20:02:27 factory/Builder.go (inject): previous fieldname was CustomerStartEvent (b7568d79)
2024/01/29 20:02:27 factory/Builder.go (inject): inject next fieldname at Customer: NoticeOfDefectTask (0900a5df)
2024/01/29 20:02:27 factory/Builder.go (inject): >> field injection 2 of 10 done
2024/01/29 20:02:27 factory/Builder.go (inject): --> append to fieldMap[2] the name NoticeOfDefectTask
2024/01/29 20:02:27 factory/Builder.go (inject): current fieldname NoticeOfDefectTask (0900a5df) has got hash value before
2024/01/29 20:02:27 factory/Builder.go (inject): previous fieldname was FromCustomerStartEvent (6c050a8d)
2024/01/29 20:02:27 factory/Builder.go (inject): inject next fieldname at Customer: FromNoticeOfDefectTask (e927682b)
2024/01/29 20:02:27 factory/Builder.go (inject): >> field injection 3 of 10 done
2024/01/29 20:02:27 factory/Builder.go (inject): --> append to fieldMap[3] the name FromNoticeOfDefectTask
2024/01/29 20:02:27 factory/Builder.go (inject): current fieldname FromNoticeOfDefectTask (e927682b) has got hash value before
2024/01/29 20:02:27 factory/Builder.go (inject): previous fieldname was NoticeOfDefectTask (0900a5df)
2024/01/29 20:02:27 factory/Builder.go (inject): inject next fieldname at Customer: WaitingForAnswerTask (e3d8147c)
2024/01/29 20:02:27 factory/Builder.go (inject): >> field injection 4 of 10 done
2024/01/29 20:02:27 factory/Builder.go (inject): --> append to fieldMap[4] the name WaitingForAnswerTask
2024/01/29 20:02:27 factory/Builder.go (inject): current fieldname WaitingForAnswerTask (e3d8147c) has got hash value before
2024/01/29 20:02:27 factory/Builder.go (inject): previous fieldname was FromNoticeOfDefectTask (e927682b)
2024/01/29 20:02:27 factory/Builder.go (inject): inject next fieldname at Customer: TimerEventDefinitionWaitingForAnswer (7ac14a21)
2024/01/29 20:02:27 factory/Builder.go (inject): >> field injection 5 of 10 done
2024/01/29 20:02:27 factory/Builder.go (inject): --> append to fieldMap[5] the name TimerEventDefinitionWaitingForAnswer
2024/01/29 20:02:27 factory/Builder.go (inject): current fieldname TimerEventDefinitionWaitingForAnswer (7ac14a21) has got hash value before
2024/01/29 20:02:27 factory/Builder.go (inject): previous fieldname was WaitingForAnswerTask (e3d8147c)
2024/01/29 20:02:27 factory/Builder.go (inject): inject next fieldname at Customer: FromWaitingForAnswerTask (a5c66f5d)
2024/01/29 20:02:27 factory/Builder.go (inject): >> field injection 6 of 10 done
2024/01/29 20:02:27 factory/Builder.go (inject): --> append to fieldMap[6] the name FromWaitingForAnswerTask
2024/01/29 20:02:27 factory/Builder.go (inject): current fieldname FromWaitingForAnswerTask (a5c66f5d) has got hash value before
2024/01/29 20:02:27 factory/Builder.go (inject): previous fieldname was TimerEventDefinitionWaitingForAnswer (7ac14a21)
2024/01/29 20:02:27 factory/Builder.go (inject): inject next fieldname at Customer: ReceiptWarrantyRefusalTask (1d6c25cb)
2024/01/29 20:02:27 factory/Builder.go (inject): >> field injection 7 of 10 done
2024/01/29 20:02:27 factory/Builder.go (inject): --> append to fieldMap[7] the name ReceiptWarrantyRefusalTask
2024/01/29 20:02:27 factory/Builder.go (inject): current fieldname ReceiptWarrantyRefusalTask (1d6c25cb) has got hash value before
2024/01/29 20:02:27 factory/Builder.go (inject): previous fieldname was FromWaitingForAnswerTask (a5c66f5d)
2024/01/29 20:02:27 factory/Builder.go (inject): inject next fieldname at Customer: FromReceiptWarrantyRefusalTask (39885e97)
2024/01/29 20:02:27 factory/Builder.go (inject): >> field injection 8 of 10 done
2024/01/29 20:02:27 factory/Builder.go (inject): --> append to fieldMap[8] the name FromReceiptWarrantyRefusalTask
2024/01/29 20:02:27 factory/Builder.go (inject): current fieldname FromReceiptWarrantyRefusalTask (39885e97) has got hash value before
2024/01/29 20:02:27 factory/Builder.go (inject): previous fieldname was ReceiptWarrantyRefusalTask (1d6c25cb)
2024/01/29 20:02:27 factory/Builder.go (inject): inject next fieldname at Customer: CustomerEndEvent (f0c21199)
2024/01/29 20:02:27 factory/Builder.go (inject): >> field injection 9 of 10 done
2024/01/29 20:02:27 factory/Builder.go (inject): --> append to fieldMap[9] the name CustomerEndEvent
2024/01/29 20:02:27 factory/Builder.go (inject): --> detected field CustomerEndEvent contains anonymous field Customer
2024/01/29 20:02:27 factory/Builder.go (inject): current fieldname CustomerEndEvent (f0c21199) has got hash value before
2024/01/29 20:02:27 factory/Builder.go (inject): previous fieldname was FromReceiptWarrantyRefusalTask (39885e97)
2024/01/29 20:02:27 factory/Builder.go (inject): current fieldname CustomerEndEvent has no fieldname to the next
2024/01/29 20:02:27 factory/Builder.go (inject): >> field injection 10 of 10 done
2024/01/29 20:02:27 factory/Builder.go (inject): END OF FOR Index at 3
2024/01/29 20:02:27 factory/Builder.go (inject): >> show current hashSlice []interface {}{"b7568d79", "6c050a8d", "0900a5df", "e927682b", "e3d8147c", "7ac14a21", "a5c66f5d", "1d6c25cb", "39885e97", "f0c21199"}
2024/01/29 20:02:27 factory/Builder.go (inject): >> show current hashMap map[string][]interface {}{"Customer":[]interface {}{"b7568d79", "6c050a8d", "0900a5df", "e927682b", "e3d8147c", "7ac14a21", "a5c66f5d", "1d6c25cb", "39885e97", "f0c21199"}, "CustomerSupport":[]interface {}{"aaf94aa3", "4395dfd0", "ab7d62af", "efffebaf", "0687bec4", "418598be", "6d39a35c"}}
2024/01/29 20:02:27 factory/Builder.go (inject): >> show current processMap map[string]map[int][]interface {}{"Customer":map[int][]interface {}{0:[]interface {}{"CustomerStartEvent"}, 1:[]interface {}{"FromCustomerStartEvent"}, 2:[]interface {}{"NoticeOfDefectTask"}, 3:[]interface {}{"FromNoticeOfDefectTask"}, 4:[]interface {}{"WaitingForAnswerTask"}, 5:[]interface {}{"TimerEventDefinitionWaitingForAnswer"}, 6:[]interface {}{"FromWaitingForAnswerTask"}, 7:[]interface {}{"ReceiptWarrantyRefusalTask"}, 8:[]interface {}{"FromReceiptWarrantyRefusalTask"}, 9:[]interface {}{"CustomerEndEvent"}}, "CustomerSupport":map[int][]interface {}{0:[]interface {}{"CustomerSupportStartEvent"}, 1:[]interface {}{"FromCustomerSupportStartEvent"}, 2:[]interface {}{"CheckIncomingClaimTask"}, 3:[]interface {}{"FromCheckIncomingClaimTask"}, 4:[]interface {}{"DenyWarrantyClaimTask"}, 5:[]interface {}{"FromDenyWarrantyClaimTask"}, 6:[]interface {}{"CustomerSupportEndEvent"}}}
2024/01/29 20:02:27 factory/Builder.go (inject): >> start range through anonymous fields 1 of 4
2024/01/29 20:02:27 factory/Builder.go (inject): >> create fieldMap map[int][]interface {}{} with length 7
2024/01/29 20:02:27 factory/Builder.go (inject): >> create hashSlice []interface {}{interface {}(nil), interface {}(nil), interface {}(nil), interface {}(nil), interface {}(nil), interface {}(nil), interface {}(nil)} with length 7
2024/01/29 20:02:27 factory/Builder.go (inject): >> append to anonymMap[0] the name Pool
2024/01/29 20:02:27 factory/Builder.go (inject): BEGIN OF FOR Index at 0
2024/01/29 20:02:27 factory/Builder.go (inject): --> append to fieldMap[0] the name CustomerSupportIsExecutable
2024/01/29 20:02:27 factory/Builder.go (inject): inject first bool field CustomerSupportIsExecutable once
2024/01/29 20:02:27 factory/Builder.go (inject): >> field injection 1 of 7 done
2024/01/29 20:02:27 factory/Builder.go (inject): --> append to fieldMap[1] the name CustomerIsExecutable
2024/01/29 20:02:27 factory/Builder.go (inject): second bool field CustomerIsExecutable stays false
2024/01/29 20:02:27 factory/Builder.go (inject): >> field injection 2 of 7 done
2024/01/29 20:02:27 factory/Builder.go (inject): --> append to fieldMap[2] the name Collaboration
2024/01/29 20:02:27 factory/Builder.go (inject): inject first at process index [0] => [Pool] on current fieldname Collaboration (40426d57) with hash value 
2024/01/29 20:02:27 factory/Builder.go (inject): inject next fieldname at Pool: CustomerSupportID (8738ef44)
2024/01/29 20:02:27 factory/Builder.go (inject): >> field injection 3 of 7 done
2024/01/29 20:02:27 factory/Builder.go (inject): --> append to fieldMap[3] the name CustomerSupportID
2024/01/29 20:02:27 factory/Builder.go (inject): current fieldname CustomerSupportID (8738ef44) has got hash value before
2024/01/29 20:02:27 factory/Builder.go (inject): previous fieldname was Collaboration (40426d57)
2024/01/29 20:02:27 factory/Builder.go (inject): inject next fieldname at Pool: CustomerSupportProcess (543280d1)
2024/01/29 20:02:27 factory/Builder.go (inject): >> field injection 4 of 7 done
2024/01/29 20:02:27 factory/Builder.go (inject): --> append to fieldMap[4] the name CustomerSupportProcess
2024/01/29 20:02:27 factory/Builder.go (inject): current fieldname CustomerSupportProcess (543280d1) has got hash value before
2024/01/29 20:02:27 factory/Builder.go (inject): previous fieldname was CustomerSupportID (8738ef44)
2024/01/29 20:02:27 factory/Builder.go (inject): inject next fieldname at Pool: CustomerID (5f5067f0)
2024/01/29 20:02:27 factory/Builder.go (inject): >> field injection 5 of 7 done
2024/01/29 20:02:27 factory/Builder.go (inject): --> append to fieldMap[5] the name CustomerID
2024/01/29 20:02:27 factory/Builder.go (inject): current fieldname CustomerID (5f5067f0) has got hash value before
2024/01/29 20:02:27 factory/Builder.go (inject): previous fieldname was CustomerSupportProcess (543280d1)
2024/01/29 20:02:27 factory/Builder.go (inject): inject next fieldname at Pool: CustomerProcess (7cf5be70)
2024/01/29 20:02:27 factory/Builder.go (inject): >> field injection 6 of 7 done
2024/01/29 20:02:27 factory/Builder.go (inject): --> append to fieldMap[6] the name CustomerProcess
2024/01/29 20:02:27 factory/Builder.go (inject): current fieldname CustomerProcess (7cf5be70) has got hash value before
2024/01/29 20:02:27 factory/Builder.go (inject): previous fieldname was CustomerID (5f5067f0)
2024/01/29 20:02:27 factory/Builder.go (inject): current fieldname CustomerProcess has no fieldname to the next
2024/01/29 20:02:27 factory/Builder.go (inject): >> field injection 7 of 7 done
2024/01/29 20:02:27 factory/Builder.go (inject): END OF FOR Index at 0
2024/01/29 20:02:27 factory/Builder.go (inject): >> show current hashSlice []interface {}{true, false, "40426d57", "8738ef44", "543280d1", "5f5067f0", "7cf5be70"}
2024/01/29 20:02:27 factory/Builder.go (inject): >> show current hashMap map[string][]interface {}{"Customer":[]interface {}{"b7568d79", "6c050a8d", "0900a5df", "e927682b", "e3d8147c", "7ac14a21", "a5c66f5d", "1d6c25cb", "39885e97", "f0c21199"}, "CustomerSupport":[]interface {}{"aaf94aa3", "4395dfd0", "ab7d62af", "efffebaf", "0687bec4", "418598be", "6d39a35c"}, "Pool":[]interface {}{true, false, "40426d57", "8738ef44", "543280d1", "5f5067f0", "7cf5be70"}}
2024/01/29 20:02:27 factory/Builder.go (inject): >> show current processMap map[string]map[int][]interface {}{"Customer":map[int][]interface {}{0:[]interface {}{"CustomerStartEvent"}, 1:[]interface {}{"FromCustomerStartEvent"}, 2:[]interface {}{"NoticeOfDefectTask"}, 3:[]interface {}{"FromNoticeOfDefectTask"}, 4:[]interface {}{"WaitingForAnswerTask"}, 5:[]interface {}{"TimerEventDefinitionWaitingForAnswer"}, 6:[]interface {}{"FromWaitingForAnswerTask"}, 7:[]interface {}{"ReceiptWarrantyRefusalTask"}, 8:[]interface {}{"FromReceiptWarrantyRefusalTask"}, 9:[]interface {}{"CustomerEndEvent"}}, "CustomerSupport":map[int][]interface {}{0:[]interface {}{"CustomerSupportStartEvent"}, 1:[]interface {}{"FromCustomerSupportStartEvent"}, 2:[]interface {}{"CheckIncomingClaimTask"}, 3:[]interface {}{"FromCheckIncomingClaimTask"}, 4:[]interface {}{"DenyWarrantyClaimTask"}, 5:[]interface {}{"FromDenyWarrantyClaimTask"}, 6:[]interface {}{"CustomerSupportEndEvent"}}, "Pool":map[int][]interface {}{0:[]interface {}{"CustomerSupportIsExecutable"}, 1:[]interface {}{"CustomerIsExecutable"}, 2:[]interface {}{"Collaboration"}, 3:[]interface {}{"CustomerSupportID"}, 4:[]interface {}{"CustomerSupportProcess"}, 5:[]interface {}{"CustomerID"}, 6:[]interface {}{"CustomerProcess"}}}
2024/01/29 20:02:27 factory/Builder.go (inject): >> start range through anonymous fields 2 of 4
2024/01/29 20:02:27 factory/Builder.go (inject): >> create fieldMap map[int][]interface {}{} with length 2
2024/01/29 20:02:27 factory/Builder.go (inject): >> create hashSlice []interface {}{interface {}(nil), interface {}(nil)} with length 2
2024/01/29 20:02:27 factory/Builder.go (inject): >> append to anonymMap[1] the name Message
2024/01/29 20:02:27 factory/Builder.go (inject): BEGIN OF FOR Index at 1
2024/01/29 20:02:27 factory/Builder.go (inject): --> append to fieldMap[0] the name CustomerToCustomerSupportMessage
2024/01/29 20:02:27 factory/Builder.go (inject): --> detected field CustomerToCustomerSupportMessage contains anonymous field Message
2024/01/29 20:02:27 factory/Builder.go (inject): inject first at process index [1] => [Message] on current fieldname CustomerToCustomerSupportMessage (36d2ae60) with hash value 
2024/01/29 20:02:27 factory/Builder.go (inject): current fieldname CustomerToCustomerSupportMessage has no previous field
2024/01/29 20:02:27 factory/Builder.go (inject): inject next fieldname at Message: CustomerSupportToCustomerMessage (0c6366e7)
2024/01/29 20:02:27 factory/Builder.go (inject): >> field injection 1 of 2 done
2024/01/29 20:02:27 factory/Builder.go (inject): --> append to fieldMap[1] the name CustomerSupportToCustomerMessage
2024/01/29 20:02:27 factory/Builder.go (inject): --> detected field CustomerSupportToCustomerMessage contains anonymous field Message
2024/01/29 20:02:27 factory/Builder.go (inject): current fieldname CustomerSupportToCustomerMessage (0c6366e7) has got hash value before
2024/01/29 20:02:27 factory/Builder.go (inject): previous fieldname was CustomerToCustomerSupportMessage (36d2ae60)
2024/01/29 20:02:27 factory/Builder.go (inject): current fieldname CustomerSupportToCustomerMessage has no fieldname to the next
2024/01/29 20:02:27 factory/Builder.go (inject): >> field injection 2 of 2 done
2024/01/29 20:02:27 factory/Builder.go (inject): END OF FOR Index at 1
2024/01/29 20:02:27 factory/Builder.go (inject): >> show current hashSlice []interface {}{"36d2ae60", "0c6366e7"}
2024/01/29 20:02:27 factory/Builder.go (inject): >> show current hashMap map[string][]interface {}{"Customer":[]interface {}{"b7568d79", "6c050a8d", "0900a5df", "e927682b", "e3d8147c", "7ac14a21", "a5c66f5d", "1d6c25cb", "39885e97", "f0c21199"}, "CustomerSupport":[]interface {}{"aaf94aa3", "4395dfd0", "ab7d62af", "efffebaf", "0687bec4", "418598be", "6d39a35c"}, "Message":[]interface {}{"36d2ae60", "0c6366e7"}, "Pool":[]interface {}{true, false, "40426d57", "8738ef44", "543280d1", "5f5067f0", "7cf5be70"}}
2024/01/29 20:02:27 factory/Builder.go (inject): >> show current processMap map[string]map[int][]interface {}{"Customer":map[int][]interface {}{0:[]interface {}{"CustomerStartEvent"}, 1:[]interface {}{"FromCustomerStartEvent"}, 2:[]interface {}{"NoticeOfDefectTask"}, 3:[]interface {}{"FromNoticeOfDefectTask"}, 4:[]interface {}{"WaitingForAnswerTask"}, 5:[]interface {}{"TimerEventDefinitionWaitingForAnswer"}, 6:[]interface {}{"FromWaitingForAnswerTask"}, 7:[]interface {}{"ReceiptWarrantyRefusalTask"}, 8:[]interface {}{"FromReceiptWarrantyRefusalTask"}, 9:[]interface {}{"CustomerEndEvent"}}, "CustomerSupport":map[int][]interface {}{0:[]interface {}{"CustomerSupportStartEvent"}, 1:[]interface {}{"FromCustomerSupportStartEvent"}, 2:[]interface {}{"CheckIncomingClaimTask"}, 3:[]interface {}{"FromCheckIncomingClaimTask"}, 4:[]interface {}{"DenyWarrantyClaimTask"}, 5:[]interface {}{"FromDenyWarrantyClaimTask"}, 6:[]interface {}{"CustomerSupportEndEvent"}}, "Message":map[int][]interface {}{0:[]interface {}{"CustomerToCustomerSupportMessage"}, 1:[]interface {}{"CustomerSupportToCustomerMessage"}, 2:[]interface {}{"CustomerSupport"}, 3:[]interface {}{"Customer"}}, "Pool":map[int][]interface {}{0:[]interface {}{"CustomerSupportIsExecutable"}, 1:[]interface {}{"CustomerIsExecutable"}, 2:[]interface {}{"Collaboration"}, 3:[]interface {}{"CustomerSupportID"}, 4:[]interface {}{"CustomerSupportProcess"}, 5:[]interface {}{"CustomerID"}, 6:[]interface {}{"CustomerProcess"}}}
2024/01/29 20:02:27 factory/Builder.go (inject): END OF FOR 1
2024/01/29 20:02:27 factory/Builder.go (inject): > merged hashSlice with hashMap map[Customer:[b7568d79 6c050a8d 0900a5df e927682b e3d8147c 7ac14a21 a5c66f5d 1d6c25cb 39885e97 f0c21199] CustomerSupport:[aaf94aa3 4395dfd0 ab7d62af efffebaf 0687bec4 418598be 6d39a35c] Message:[36d2ae60 0c6366e7] Pool:[true false 40426d57 8738ef44 543280d1 5f5067f0 7cf5be70]]
2024/01/29 20:02:27 factory/Builder.go (inject): > merged anonymMap with fieldMap to processMap map[Customer:map[0:[CustomerStartEvent] 1:[FromCustomerStartEvent] 2:[NoticeOfDefectTask] 3:[FromNoticeOfDefectTask] 4:[WaitingForAnswerTask] 5:[TimerEventDefinitionWaitingForAnswer] 6:[FromWaitingForAnswerTask] 7:[ReceiptWarrantyRefusalTask] 8:[FromReceiptWarrantyRefusalTask] 9:[CustomerEndEvent]] CustomerSupport:map[0:[CustomerSupportStartEvent] 1:[FromCustomerSupportStartEvent] 2:[CheckIncomingClaimTask] 3:[FromCheckIncomingClaimTask] 4:[DenyWarrantyClaimTask] 5:[FromDenyWarrantyClaimTask] 6:[CustomerSupportEndEvent]] Message:map[0:[CustomerToCustomerSupportMessage] 1:[CustomerSupportToCustomerMessage] 2:[CustomerSupport] 3:[Customer]] Pool:map[0:[CustomerSupportIsExecutable] 1:[CustomerIsExecutable] 2:[Collaboration] 3:[CustomerSupportID] 4:[CustomerSupportProcess] 5:[CustomerID] 6:[CustomerProcess]]]
2024/01/29 20:02:27 factory/Builder.go (inject): > no builder fields detected
2024/01/29 20:02:27 factory.reflect: count app words 107
2024/01/29 20:02:27 factory/Builder.go (inject): eof inject; detect 2 of reflected public methods
2024/01/29 20:02:27 examples/collaborative_process/collaborative_process.go (New): result of Builder.Map map[string][]interface {}(nil)
2024/01/29 20:02:27 models/bpmn/canvas/Delegates.go (setLabel): set label
2024/01/29 20:02:27 models/bpmn/canvas/Delegates.go (setWaypoints): got waypoints 2
2024/01/29 20:02:27 models/bpmn/canvas/Delegates.go (setWaypoints): set waypoints by given values in delegate parameter
2024/01/29 20:02:27 models/bpmn/canvas/Delegates.go (setWaypoints): set waypoints for Flow_36d2ae60_di
2024/01/29 20:02:27 models/bpmn/canvas/Delegates.go (setEdge): set edge for Flow_36d2ae60_di (Flow_36d2ae60)
2024/01/29 20:02:27 models/bpmn/canvas/Delegates.go (setLabel): set label
2024/01/29 20:02:27 models/bpmn/canvas/Delegates.go (setWaypoints): got waypoints 4
2024/01/29 20:02:27 models/bpmn/canvas/Delegates.go (setWaypoints): set waypoints by given values in delegate parameter
2024/01/29 20:02:27 models/bpmn/canvas/Delegates.go (setWaypoints): set waypoints for Flow_0c6366e7_di
2024/01/29 20:02:27 models/bpmn/canvas/Delegates.go (setEdge): set edge for Flow_0c6366e7_di (Flow_0c6366e7)
2024/01/29 20:02:27 models/bpmn/canvas/Delegates.go (setPool): set bounds for Participant_8738ef44_di (Participant_8738ef44)
2024/01/29 20:02:27 models/bpmn/canvas/Delegates.go (setPool): set bounds for Participant_5f5067f0_di (Participant_5f5067f0)
2024/01/29 20:02:27 models/bpmn/canvas/Delegates.go (findCoordinatesByPreviousBounds): no bounds set in shape, but found previous bounds
2024/01/29 20:02:27 models/bpmn/canvas/Delegates.go (findCoordinatesByPreviousBounds): got shape type event
2024/01/29 20:02:27 models/bpmn/canvas/Delegates.go (findCoordinatesByPreviousBounds): got previous bounds 129, 52
2024/01/29 20:02:27 models/bpmn/canvas/Delegates.go (setBounds): set bounds (coordinates: 179, 159, size: 36, 36) for Event_aaf94aa3_di (Event_aaf94aa3)
2024/01/29 20:02:27 models/bpmn/canvas/Delegates.go (setShape): set shape for Event_aaf94aa3_di (Event_aaf94aa3)
2024/01/29 20:02:27 models/bpmn/canvas/Delegates.go (setWaypoints): got waypoints 0
2024/01/29 20:02:27 models/bpmn/canvas/Delegates.go (setWaypoints): no waypoints set in edge
2024/01/29 20:02:27 models/bpmn/canvas/Delegates.go (setWaypoints): set waypoints for Flow_4395dfd0_di
2024/01/29 20:02:27 models/bpmn/canvas/Delegates.go (setEdge): set edge for Flow_4395dfd0_di (Flow_4395dfd0)
2024/01/29 20:02:27 models/bpmn/canvas/Delegates.go (findCoordinatesByPreviousWaypoint): no bounds set in shape, but found previous waypoint
2024/01/29 20:02:27 models/bpmn/canvas/Delegates.go (findCoordinatesByPreviousWaypoint): got shape type activity
2024/01/29 20:02:27 models/bpmn/canvas/Delegates.go (findCoordinatesByPreviousWaypoint): got previous waypoint 270, 177
2024/01/29 20:02:27 models/bpmn/canvas/Delegates.go (setBounds): set bounds (coordinates: 270, 137, size: 100, 80) for Activity_ab7d62af_di (Activity_ab7d62af)
2024/01/29 20:02:27 models/bpmn/canvas/Delegates.go (setShape): set shape for Activity_ab7d62af_di (Activity_ab7d62af)
2024/01/29 20:02:27 models/bpmn/canvas/Delegates.go (setLabel): set label
2024/01/29 20:02:27 models/bpmn/canvas/Delegates.go (setWaypoints): got waypoints 0
2024/01/29 20:02:27 models/bpmn/canvas/Delegates.go (setWaypoints): no waypoints set in edge
2024/01/29 20:02:27 models/bpmn/canvas/Delegates.go (setWaypoints): set waypoints for Flow_efffebaf_di
2024/01/29 20:02:27 models/bpmn/canvas/Delegates.go (setEdge): set edge for Flow_efffebaf_di (Flow_efffebaf)
2024/01/29 20:02:27 models/bpmn/canvas/Delegates.go (findCoordinatesByPreviousWaypoint): no bounds set in shape, but found previous waypoint
2024/01/29 20:02:27 models/bpmn/canvas/Delegates.go (findCoordinatesByPreviousWaypoint): got shape type activity
2024/01/29 20:02:27 models/bpmn/canvas/Delegates.go (findCoordinatesByPreviousWaypoint): got previous waypoint 425, 177
2024/01/29 20:02:27 models/bpmn/canvas/Delegates.go (setBounds): set bounds (coordinates: 425, 137, size: 100, 80) for Activity_0687bec4_di (Activity_0687bec4)
2024/01/29 20:02:27 models/bpmn/canvas/Delegates.go (setShape): set shape for Activity_0687bec4_di (Activity_0687bec4)
2024/01/29 20:02:27 models/bpmn/canvas/Delegates.go (setWaypoints): got waypoints 0
2024/01/29 20:02:27 models/bpmn/canvas/Delegates.go (setWaypoints): no waypoints set in edge
2024/01/29 20:02:27 models/bpmn/canvas/Delegates.go (setWaypoints): set waypoints for Flow_418598be_di
2024/01/29 20:02:27 models/bpmn/canvas/Delegates.go (setEdge): set edge for Flow_418598be_di (Flow_418598be)
2024/01/29 20:02:27 models/bpmn/canvas/Delegates.go (findCoordinatesByPreviousWaypoint): no bounds set in shape, but found previous waypoint
2024/01/29 20:02:27 models/bpmn/canvas/Delegates.go (findCoordinatesByPreviousWaypoint): got shape type event
2024/01/29 20:02:27 models/bpmn/canvas/Delegates.go (findCoordinatesByPreviousWaypoint): got previous waypoint 580, 177
2024/01/29 20:02:27 models/bpmn/canvas/Delegates.go (setBounds): set bounds (coordinates: 580, 159, size: 36, 36) for Event_6d39a35c_di (Event_6d39a35c)
2024/01/29 20:02:27 models/bpmn/canvas/Delegates.go (setShape): set shape for Event_6d39a35c_di (Event_6d39a35c)
2024/01/29 20:02:27 models/bpmn/canvas/Delegates.go (findCoordinatesByPreviousBounds): no bounds set in shape, but found previous bounds
2024/01/29 20:02:27 models/bpmn/canvas/Delegates.go (findCoordinatesByPreviousBounds): got shape type event
2024/01/29 20:02:27 models/bpmn/canvas/Delegates.go (findCoordinatesByPreviousBounds): got previous bounds 129, 352
2024/01/29 20:02:27 models/bpmn/canvas/Delegates.go (setBounds): set bounds (coordinates: 179, 459, size: 36, 36) for Event_b7568d79_di (Event_b7568d79)
2024/01/29 20:02:27 models/bpmn/canvas/Delegates.go (setShape): set shape for Event_b7568d79_di (Event_b7568d79)
2024/01/29 20:02:27 models/bpmn/canvas/Delegates.go (setWaypoints): got waypoints 0
2024/01/29 20:02:27 models/bpmn/canvas/Delegates.go (setWaypoints): no waypoints set in edge
2024/01/29 20:02:27 models/bpmn/canvas/Delegates.go (setWaypoints): set waypoints for Flow_6c050a8d_di
2024/01/29 20:02:27 models/bpmn/canvas/Delegates.go (setEdge): set edge for Flow_6c050a8d_di (Flow_6c050a8d)
2024/01/29 20:02:27 models/bpmn/canvas/Delegates.go (findCoordinatesByPreviousWaypoint): no bounds set in shape, but found previous waypoint
2024/01/29 20:02:27 models/bpmn/canvas/Delegates.go (findCoordinatesByPreviousWaypoint): got shape type activity
2024/01/29 20:02:27 models/bpmn/canvas/Delegates.go (findCoordinatesByPreviousWaypoint): got previous waypoint 270, 477
2024/01/29 20:02:27 models/bpmn/canvas/Delegates.go (setBounds): set bounds (coordinates: 270, 437, size: 100, 80) for Activity_0900a5df_di (Activity_0900a5df)
2024/01/29 20:02:27 models/bpmn/canvas/Delegates.go (setShape): set shape for Activity_0900a5df_di (Activity_0900a5df)
2024/01/29 20:02:27 models/bpmn/canvas/Delegates.go (setWaypoints): got waypoints 0
2024/01/29 20:02:27 models/bpmn/canvas/Delegates.go (setWaypoints): no waypoints set in edge
2024/01/29 20:02:27 models/bpmn/canvas/Delegates.go (setWaypoints): set waypoints for Flow_e927682b_di
2024/01/29 20:02:27 models/bpmn/canvas/Delegates.go (setEdge): set edge for Flow_e927682b_di (Flow_e927682b)
2024/01/29 20:02:27 models/bpmn/canvas/Delegates.go (findCoordinatesByPreviousWaypoint): no bounds set in shape, but found previous waypoint
2024/01/29 20:02:27 models/bpmn/canvas/Delegates.go (findCoordinatesByPreviousWaypoint): got shape type event
2024/01/29 20:02:27 models/bpmn/canvas/Delegates.go (findCoordinatesByPreviousWaypoint): got previous waypoint 425, 477
2024/01/29 20:02:27 models/bpmn/canvas/Delegates.go (setBounds): set bounds (coordinates: 425, 459, size: 36, 36) for Event_e3d8147c_di (Event_e3d8147c)
2024/01/29 20:02:27 models/bpmn/canvas/Delegates.go (setShape): set shape for Event_e3d8147c_di (Event_e3d8147c)
2024/01/29 20:02:27 models/bpmn/canvas/Delegates.go (setWaypoints): got waypoints 0
2024/01/29 20:02:27 models/bpmn/canvas/Delegates.go (setWaypoints): no waypoints set in edge
2024/01/29 20:02:27 models/bpmn/canvas/Delegates.go (setWaypoints): set waypoints for Flow_a5c66f5d_di
2024/01/29 20:02:27 models/bpmn/canvas/Delegates.go (setEdge): set edge for Flow_a5c66f5d_di (Flow_a5c66f5d)
2024/01/29 20:02:27 models/bpmn/canvas/Delegates.go (findCoordinatesByPreviousWaypoint): no bounds set in shape, but found previous waypoint
2024/01/29 20:02:27 models/bpmn/canvas/Delegates.go (findCoordinatesByPreviousWaypoint): got shape type activity
2024/01/29 20:02:27 models/bpmn/canvas/Delegates.go (findCoordinatesByPreviousWaypoint): got previous waypoint 516, 477
2024/01/29 20:02:27 models/bpmn/canvas/Delegates.go (setBounds): set bounds (coordinates: 516, 437, size: 100, 80) for Activity_1d6c25cb_di (Activity_1d6c25cb)
2024/01/29 20:02:27 models/bpmn/canvas/Delegates.go (setShape): set shape for Activity_1d6c25cb_di (Activity_1d6c25cb)
2024/01/29 20:02:27 models/bpmn/canvas/Delegates.go (setWaypoints): got waypoints 0
2024/01/29 20:02:27 models/bpmn/canvas/Delegates.go (setWaypoints): no waypoints set in edge
2024/01/29 20:02:27 models/bpmn/canvas/Delegates.go (setWaypoints): set waypoints for Flow_39885e97_di
2024/01/29 20:02:27 models/bpmn/canvas/Delegates.go (setEdge): set edge for Flow_39885e97_di (Flow_39885e97)
2024/01/29 20:02:27 models/bpmn/canvas/Delegates.go (findCoordinatesByPreviousWaypoint): no bounds set in shape, but found previous waypoint
2024/01/29 20:02:27 models/bpmn/canvas/Delegates.go (findCoordinatesByPreviousWaypoint): got shape type event
2024/01/29 20:02:27 models/bpmn/canvas/Delegates.go (findCoordinatesByPreviousWaypoint): got previous waypoint 671, 477
2024/01/29 20:02:27 models/bpmn/canvas/Delegates.go (setBounds): set bounds (coordinates: 671, 459, size: 36, 36) for Event_f0c21199_di (Event_f0c21199)
2024/01/29 20:02:27 models/bpmn/canvas/Delegates.go (setShape): set shape for Event_f0c21199_di (Event_f0c21199)
2024/01/29 20:02:27 BpmnFactory.go: create bpmn
2024/01/29 20:02:27 main.go: instance.GetProcessInfo
2024/01/29 20:02:27 engine: request created file
2024/01/29 20:02:27 BpmnEngine.go: load bpmn file from files/bpmn/diagram_10.bpmn
2024/01/29 20:02:27 engine: unmarshal file
2024/01/29 20:02:27 main.go: instance.Create
2024/01/29 20:02:27 main.go: instance.Run
2024/01/29 20:02:27 main.go: do your stuff here
2024/01/29 20:02:27 total time: 17.26825ms
